nohup: ignoring input

   INFO  Server running on [http://0.0.0.0:9000].  

  Press Ctrl+C to stop the server

  2025-06-05 05:23:18 ................................................... ~ 1s
  2025-06-05 05:23:19 ................................................... ~ 0s
  2025-06-05 05:23:36 ................................................... ~ 1s

   WARN  91.196.152.83:34023 Invalid request (Unsupported SSL request).  

  2025-06-05 05:25:43 ................................................... ~ 0s

   WARN  91.196.152.57:37655 Invalid request (Unsupported SSL request).  

  2025-06-05 05:25:43 ................................................... ~ 0s
  2025-06-05 05:25:52 ................................................... ~ 0s
  2025-06-05 05:25:53 ................................................... ~ 0s
  2025-06-05 05:28:01 ................................................... ~ 1s
  2025-06-05 05:28:02 ................................................... ~ 0s
  2025-06-05 05:31:10 ................................................... ~ 1s
  2025-06-05 05:31:11 ................................................... ~ 0s
  2025-06-05 05:31:11 ................................................... ~ 1s
  2025-06-05 05:31:11 ................................................... ~ 1s
  2025-06-05 05:31:12 ................................................... ~ 1s
  2025-06-05 05:31:13 ................................................... ~ 0s
  2025-06-05 05:31:13 ................................................... ~ 0s

   WARN  188.131.5.102:59307 Invalid request (Unsupported SSL request).  

  2025-06-05 05:31:22 ................................................... ~ 0s

   WARN  188.131.5.102:59308 Invalid request (Unsupported SSL request).  

  2025-06-05 05:31:22 ................................................... ~ 0s

   WARN  188.131.5.102:59321 Invalid request (Unsupported SSL request).  

  2025-06-05 05:31:23 ................................................... ~ 0s

   WARN  188.131.5.102:59322 Invalid request (Unsupported SSL request).  

  2025-06-05 05:31:24 ................................................... ~ 0s

   WARN  188.131.5.102:59347 Invalid request (Unsupported SSL request).  

  2025-06-05 05:31:26 ................................................... ~ 0s

   WARN  188.131.5.102:59348 Invalid request (Unsupported SSL request).  

  2025-06-05 05:31:26 ................................................... ~ 0s

   WARN  188.131.5.102:59388 Invalid request (Unsupported SSL request).  

  2025-06-05 05:31:31 ................................................... ~ 0s

   WARN  188.131.5.102:59390 Invalid request (Unsupported SSL request).  

  2025-06-05 05:31:32 ................................................... ~ 0s
  2025-06-05 05:35:51 ................................................... ~ 1s
  2025-06-05 05:35:52 ................................................... ~ 0s
